<?xml version="1.0" encoding="UTF-8"?>
<!-- Generated by org.testng.reporters.JUnitReportReporter -->
<testsuite hostname="LIN83005210" failures="0" tests="1" name="ICICIDefinition.ICICIRunner1" time="35.247" errors="0" timestamp="2022-08-01T13:50:41 IST" skipped="0">
  <testcase classname="ICICIDefinition.ICICIRunner1" name="runScenario" time="35.247"/>
</testsuite> <!-- ICICIDefinition.ICICIRunner1 -->
