<?xml version="1.0" encoding="UTF-8"?>
<!-- Generated by org.testng.reporters.JUnitReportReporter -->
<testsuite hostname="LIN83005210" failures="0" tests="3" name="SprintDefinition.SprintRunner" time="140.245" errors="0" timestamp="2022-08-01T09:55:06 IST" skipped="0">
  <testcase classname="SprintDefinition.SprintRunner" name="runScenario" time="49.216"/>
  <testcase classname="SprintDefinition.SprintRunner" name="runScenario" time="35.666"/>
  <testcase classname="SprintDefinition.SprintRunner" name="runScenario" time="55.363"/>
</testsuite> <!-- SprintDefinition.SprintRunner -->
